<?xml version="1.0" encoding="UTF-8"?>
<testng-results skipped="0" failed="0" ignored="0" total="1" passed="1">
  <reporter-output>
  </reporter-output>
  <suite name="Default suite" duration-ms="42122" started-at="2020-11-30T23:01:20Z" finished-at="2020-11-30T23:02:02Z">
    <groups>
    </groups>
    <test name="Default test" duration-ms="42122" started-at="2020-11-30T23:01:20Z" finished-at="2020-11-30T23:02:02Z">
      <class name="testcases.SFO66_DeleteEvent">
        <test-method status="PASS" signature="beforeSuite()[pri:0, instance:testcases.SFO66_DeleteEvent@71bbf57e]" name="beforeSuite" is-config="true" duration-ms="741" started-at="2020-11-30T23:01:20Z" finished-at="2020-11-30T23:01:20Z">
          <reporter-output>
          </reporter-output>
        </test-method> <!-- beforeSuite -->
        <test-method status="PASS" signature="setData()[pri:0, instance:testcases.SFO66_DeleteEvent@71bbf57e]" name="setData" is-config="true" duration-ms="0" started-at="2020-11-30T23:01:20Z" finished-at="2020-11-30T23:01:20Z">
          <reporter-output>
          </reporter-output>
        </test-method> <!-- setData -->
        <test-method status="PASS" signature="beforeClass()[pri:0, instance:testcases.SFO66_DeleteEvent@71bbf57e]" name="beforeClass" is-config="true" duration-ms="2" started-at="2020-11-30T23:01:20Z" finished-at="2020-11-30T23:01:20Z">
          <reporter-output>
          </reporter-output>
        </test-method> <!-- beforeClass -->
        <test-method status="PASS" signature="beforeMethod()[pri:0, instance:testcases.SFO66_DeleteEvent@71bbf57e]" name="beforeMethod" is-config="true" duration-ms="7215" started-at="2020-11-30T23:01:21Z" finished-at="2020-11-30T23:01:28Z">
          <reporter-output>
          </reporter-output>
        </test-method> <!-- beforeMethod -->
        <test-method status="PASS" signature="deleteEvent(java.lang.String, java.lang.String, java.lang.String, java.lang.String, java.lang.String)[pri:0, instance:testcases.SFO66_DeleteEvent@71bbf57e]" name="deleteEvent" duration-ms="31995" started-at="2020-11-30T23:01:28Z" data-provider="fetchData" finished-at="2020-11-30T23:02:00Z">
          <params>
            <param index="0">
              <value>
                <![CDATA[matschie@testleaf.com]]>
              </value>
            </param>
            <param index="1">
              <value>
                <![CDATA[Bootcamp$123]]>
              </value>
            </param>
            <param index="2">
              <value>
                <![CDATA[10:00 AM]]>
              </value>
            </param>
            <param index="3">
              <value>
                <![CDATA[11:00 AM]]>
              </value>
            </param>
            <param index="4">
              <value>
                <![CDATA[BootcampProjectStart]]>
              </value>
            </param>
          </params>
          <reporter-output>
          </reporter-output>
        </test-method> <!-- deleteEvent -->
        <test-method status="PASS" signature="afterMethod()[pri:0, instance:testcases.SFO66_DeleteEvent@71bbf57e]" name="afterMethod" is-config="true" duration-ms="2340" started-at="2020-11-30T23:02:00Z" finished-at="2020-11-30T23:02:02Z">
          <reporter-output>
          </reporter-output>
        </test-method> <!-- afterMethod -->
        <test-method status="PASS" signature="afterSuite()[pri:0, instance:testcases.SFO66_DeleteEvent@71bbf57e]" name="afterSuite" is-config="true" duration-ms="402" started-at="2020-11-30T23:02:02Z" finished-at="2020-11-30T23:02:03Z">
          <reporter-output>
          </reporter-output>
        </test-method> <!-- afterSuite -->
      </class> <!-- testcases.SFO66_DeleteEvent -->
    </test> <!-- Default test -->
  </suite> <!-- Default suite -->
</testng-results>
